<?xml version="1.0" encoding="UTF-8"?>
<testng-results ignored="0" total="20" passed="20" failed="0" skipped="0">
  <reporter-output>
  </reporter-output>
  <suite started-at="2020-03-24T11:08:14Z" name="Default Suite" finished-at="2020-03-24T11:08:17Z" duration-ms="3088">
    <groups>
    </groups>
    <test started-at="2020-03-24T11:08:14Z" name="sportinfo" finished-at="2020-03-24T11:08:17Z" duration-ms="3088">
      <class name="test.CompSportsmenDAOTest">
        <test-method signature="getCompSportsmen()[pri:0, instance:test.CompSportsmenDAOTest@36b4cef0]" started-at="2020-03-24T11:08:16Z" name="getCompSportsmen" finished-at="2020-03-24T11:08:16Z" duration-ms="128" status="PASS">
          <reporter-output>
          </reporter-output>
        </test-method> <!-- getCompSportsmen -->
        <test-method signature="findAll()[pri:2, instance:test.CompSportsmenDAOTest@36b4cef0]" started-at="2020-03-24T11:08:17Z" name="findAll" finished-at="2020-03-24T11:08:17Z" duration-ms="91" status="PASS">
          <reporter-output>
          </reporter-output>
        </test-method> <!-- findAll -->
      </class> <!-- test.CompSportsmenDAOTest -->
      <class name="test.TeamDAOTest">
        <test-method signature="getTrainer()[pri:0, instance:test.TeamDAOTest@436e852b]" started-at="2020-03-24T11:08:16Z" name="getTrainer" finished-at="2020-03-24T11:08:16Z" duration-ms="85" status="PASS">
          <reporter-output>
          </reporter-output>
        </test-method> <!-- getTrainer -->
        <test-method signature="saveUpdateDelete()[pri:1, instance:test.TeamDAOTest@436e852b]" started-at="2020-03-24T11:08:17Z" name="saveUpdateDelete" finished-at="2020-03-24T11:08:17Z" duration-ms="87" status="PASS">
          <reporter-output>
          </reporter-output>
        </test-method> <!-- saveUpdateDelete -->
        <test-method signature="findAll()[pri:2, instance:test.TeamDAOTest@436e852b]" started-at="2020-03-24T11:08:17Z" name="findAll" finished-at="2020-03-24T11:08:17Z" duration-ms="80" status="PASS">
          <reporter-output>
          </reporter-output>
        </test-method> <!-- findAll -->
      </class> <!-- test.TeamDAOTest -->
      <class name="test.TrainerDAOTest">
        <test-method signature="getTrainer()[pri:0, instance:test.TrainerDAOTest@32d2fa64]" started-at="2020-03-24T11:08:16Z" name="getTrainer" finished-at="2020-03-24T11:08:16Z" duration-ms="92" status="PASS">
          <reporter-output>
          </reporter-output>
        </test-method> <!-- getTrainer -->
        <test-method signature="saveUpdateDelete()[pri:1, instance:test.TrainerDAOTest@32d2fa64]" started-at="2020-03-24T11:08:17Z" name="saveUpdateDelete" finished-at="2020-03-24T11:08:17Z" duration-ms="80" status="PASS">
          <reporter-output>
          </reporter-output>
        </test-method> <!-- saveUpdateDelete -->
        <test-method signature="findAll()[pri:2, instance:test.TrainerDAOTest@32d2fa64]" started-at="2020-03-24T11:08:17Z" name="findAll" finished-at="2020-03-24T11:08:17Z" duration-ms="71" status="PASS">
          <reporter-output>
          </reporter-output>
        </test-method> <!-- findAll -->
      </class> <!-- test.TrainerDAOTest -->
      <class name="test.SportsmenTeamsDAOTest">
        <test-method signature="getSportsmenTeams()[pri:0, instance:test.SportsmenTeamsDAOTest@27808f31]" started-at="2020-03-24T11:08:16Z" name="getSportsmenTeams" finished-at="2020-03-24T11:08:16Z" duration-ms="96" status="PASS">
          <reporter-output>
          </reporter-output>
        </test-method> <!-- getSportsmenTeams -->
        <test-method signature="findAll()[pri:2, instance:test.SportsmenTeamsDAOTest@27808f31]" started-at="2020-03-24T11:08:17Z" name="findAll" finished-at="2020-03-24T11:08:17Z" duration-ms="77" status="PASS">
          <reporter-output>
          </reporter-output>
        </test-method> <!-- findAll -->
      </class> <!-- test.SportsmenTeamsDAOTest -->
      <class name="test.CompTeamsDAOTest">
        <test-method signature="getCompTeams()[pri:0, instance:test.CompTeamsDAOTest@fad74ee]" started-at="2020-03-24T11:08:16Z" name="getCompTeams" finished-at="2020-03-24T11:08:16Z" duration-ms="110" status="PASS">
          <reporter-output>
          </reporter-output>
        </test-method> <!-- getCompTeams -->
        <test-method signature="findAll()[pri:2, instance:test.CompTeamsDAOTest@fad74ee]" started-at="2020-03-24T11:08:17Z" name="findAll" finished-at="2020-03-24T11:08:17Z" duration-ms="94" status="PASS">
          <reporter-output>
          </reporter-output>
        </test-method> <!-- findAll -->
      </class> <!-- test.CompTeamsDAOTest -->
      <class name="test.CompetitionDAOTest">
        <test-method signature="getCompetition()[pri:0, instance:test.CompetitionDAOTest@3d921e20]" started-at="2020-03-24T11:08:14Z" name="getCompetition" finished-at="2020-03-24T11:08:16Z" duration-ms="1331" status="PASS">
          <reporter-output>
          </reporter-output>
        </test-method> <!-- getCompetition -->
        <test-method signature="saveUpdateDelete()[pri:1, instance:test.CompetitionDAOTest@3d921e20]" started-at="2020-03-24T11:08:16Z" name="saveUpdateDelete" finished-at="2020-03-24T11:08:17Z" duration-ms="92" status="PASS">
          <reporter-output>
          </reporter-output>
        </test-method> <!-- saveUpdateDelete -->
        <test-method signature="findAll()[pri:2, instance:test.CompetitionDAOTest@3d921e20]" started-at="2020-03-24T11:08:17Z" name="findAll" finished-at="2020-03-24T11:08:17Z" duration-ms="102" status="PASS">
          <reporter-output>
          </reporter-output>
        </test-method> <!-- findAll -->
      </class> <!-- test.CompetitionDAOTest -->
      <class name="test.SportsmanDAOTest">
        <test-method signature="getSportsman()[pri:0, instance:test.SportsmanDAOTest@37d31475]" started-at="2020-03-24T11:08:16Z" name="getSportsman" finished-at="2020-03-24T11:08:16Z" duration-ms="95" status="PASS">
          <reporter-output>
          </reporter-output>
        </test-method> <!-- getSportsman -->
        <test-method signature="saveUpdateDelete()[pri:1, instance:test.SportsmanDAOTest@37d31475]" started-at="2020-03-24T11:08:17Z" name="saveUpdateDelete" finished-at="2020-03-24T11:08:17Z" duration-ms="87" status="PASS">
          <reporter-output>
          </reporter-output>
        </test-method> <!-- saveUpdateDelete -->
        <test-method signature="findAll()[pri:2, instance:test.SportsmanDAOTest@37d31475]" started-at="2020-03-24T11:08:17Z" name="findAll" finished-at="2020-03-24T11:08:17Z" duration-ms="76" status="PASS">
          <reporter-output>
          </reporter-output>
        </test-method> <!-- findAll -->
      </class> <!-- test.SportsmanDAOTest -->
      <class name="test.SeatsDAOTest">
        <test-method signature="getSeats()[pri:0, instance:test.SeatsDAOTest@1a1d6a08]" started-at="2020-03-24T11:08:16Z" name="getSeats" finished-at="2020-03-24T11:08:16Z" duration-ms="92" status="PASS">
          <reporter-output>
          </reporter-output>
        </test-method> <!-- getSeats -->
        <test-method signature="findAll()[pri:2, instance:test.SeatsDAOTest@1a1d6a08]" started-at="2020-03-24T11:08:17Z" name="findAll" finished-at="2020-03-24T11:08:17Z" duration-ms="97" status="PASS">
          <reporter-output>
          </reporter-output>
        </test-method> <!-- findAll -->
      </class> <!-- test.SeatsDAOTest -->
    </test> <!-- sportinfo -->
  </suite> <!-- Default Suite -->
</testng-results>
